<?xml version="1.0" encoding="UTF-8"?>
<!-- Generated by org.testng.reporters.JUnitReportReporter -->
<testsuite hostname="ESLLAP-3322" failures="0" tests="28" name="runnerFile.RunnerFile" time="0.798" errors="0" timestamp="2023-07-27T10:08:20 IST" skipped="0">
  <testcase classname="runnerFile.RunnerFile" name="runScenario" time="0.008"/>
  <system-out/>
  <testcase classname="runnerFile.RunnerFile" name="runScenario" time="0.012"/>
  <system-out/>
  <testcase classname="runnerFile.RunnerFile" name="runScenario" time="0.017"/>
  <system-out/>
  <testcase classname="runnerFile.RunnerFile" name="runScenario" time="0.008"/>
  <system-out/>
  <testcase classname="runnerFile.RunnerFile" name="runScenario" time="0.022"/>
  <system-out/>
  <testcase classname="runnerFile.RunnerFile" name="runScenario" time="0.014"/>
  <system-out/>
  <testcase classname="runnerFile.RunnerFile" name="runScenario" time="0.210"/>
  <system-out/>
  <testcase classname="runnerFile.RunnerFile" name="runScenario" time="0.154"/>
  <system-out/>
  <testcase classname="runnerFile.RunnerFile" name="runScenario" time="0.016"/>
  <system-out/>
  <testcase classname="runnerFile.RunnerFile" name="runScenario" time="0.021"/>
  <system-out/>
  <testcase classname="runnerFile.RunnerFile" name="runScenario" time="0.021"/>
  <system-out/>
  <testcase classname="runnerFile.RunnerFile" name="runScenario" time="0.015"/>
  <system-out/>
  <testcase classname="runnerFile.RunnerFile" name="runScenario" time="0.006"/>
  <system-out/>
  <testcase classname="runnerFile.RunnerFile" name="runScenario" time="0.011"/>
  <system-out/>
  <testcase classname="runnerFile.RunnerFile" name="runScenario" time="0.018"/>
  <system-out/>
  <testcase classname="runnerFile.RunnerFile" name="runScenario" time="0.021"/>
  <system-out/>
  <testcase classname="runnerFile.RunnerFile" name="runScenario" time="0.012"/>
  <system-out/>
  <testcase classname="runnerFile.RunnerFile" name="runScenario" time="0.040"/>
  <system-out/>
  <testcase classname="runnerFile.RunnerFile" name="runScenario" time="0.019"/>
  <system-out/>
  <testcase classname="runnerFile.RunnerFile" name="runScenario" time="0.016"/>
  <system-out/>
  <testcase classname="runnerFile.RunnerFile" name="runScenario" time="0.021"/>
  <system-out/>
  <testcase classname="runnerFile.RunnerFile" name="runScenario" time="0.016"/>
  <system-out/>
  <testcase classname="runnerFile.RunnerFile" name="runScenario" time="0.014"/>
  <system-out/>
  <testcase classname="runnerFile.RunnerFile" name="runScenario" time="0.022"/>
  <system-out/>
  <testcase classname="runnerFile.RunnerFile" name="runScenario" time="0.018"/>
  <system-out/>
  <testcase classname="runnerFile.RunnerFile" name="runScenario" time="0.021"/>
  <system-out/>
  <testcase classname="runnerFile.RunnerFile" name="runScenario" time="0.009"/>
  <system-out/>
  <testcase classname="runnerFile.RunnerFile" name="runScenario" time="0.016"/>
  <system-out/>
</testsuite> <!-- runnerFile.RunnerFile -->
