<?xml version="1.0" encoding="UTF-8"?>
<!-- Generated by org.testng.reporters.JUnitReportReporter -->
<testsuite hostname="TMZ-DPC-2239" failures="0" tests="2" name="com.RunnerpPilot4.RunnerClass4" time="0.503" errors="0" timestamp="2023-07-26T17:14:30 IST" skipped="0">
  <testcase classname="com.RunnerpPilot4.RunnerClass4" name="runScenario" time="0.005"/>
  <system-out/>
  <testcase classname="com.RunnerpPilot4.RunnerClass4" name="runScenario" time="0.498"/>
  <system-out/>
</testsuite> <!-- com.RunnerpPilot4.RunnerClass4 -->
