<?xml version="1.0" encoding="UTF-8"?>
<!-- Generated by org.testng.reporters.JUnitReportReporter -->
<testsuite hostname="ESLLAP-3322" failures="0" tests="22" name="runnerFile.RunnerFile" time="0.872" errors="0" timestamp="2023-07-26T20:45:23 IST" skipped="0">
  <testcase classname="runnerFile.RunnerFile" name="runScenario" time="0.244"/>
  <system-out/>
  <testcase classname="runnerFile.RunnerFile" name="runScenario" time="0.211"/>
  <system-out/>
  <testcase classname="runnerFile.RunnerFile" name="runScenario" time="0.021"/>
  <system-out/>
  <testcase classname="runnerFile.RunnerFile" name="runScenario" time="0.017"/>
  <system-out/>
  <testcase classname="runnerFile.RunnerFile" name="runScenario" time="0.016"/>
  <system-out/>
  <testcase classname="runnerFile.RunnerFile" name="runScenario" time="0.019"/>
  <system-out/>
  <testcase classname="runnerFile.RunnerFile" name="runScenario" time="0.046"/>
  <system-out/>
  <testcase classname="runnerFile.RunnerFile" name="runScenario" time="0.018"/>
  <system-out/>
  <testcase classname="runnerFile.RunnerFile" name="runScenario" time="0.026"/>
  <system-out/>
  <testcase classname="runnerFile.RunnerFile" name="runScenario" time="0.024"/>
  <system-out/>
  <testcase classname="runnerFile.RunnerFile" name="runScenario" time="0.013"/>
  <system-out/>
  <testcase classname="runnerFile.RunnerFile" name="runScenario" time="0.012"/>
  <system-out/>
  <testcase classname="runnerFile.RunnerFile" name="runScenario" time="0.007"/>
  <system-out/>
  <testcase classname="runnerFile.RunnerFile" name="runScenario" time="0.019"/>
  <system-out/>
  <testcase classname="runnerFile.RunnerFile" name="runScenario" time="0.024"/>
  <system-out/>
  <testcase classname="runnerFile.RunnerFile" name="runScenario" time="0.025"/>
  <system-out/>
  <testcase classname="runnerFile.RunnerFile" name="runScenario" time="0.024"/>
  <system-out/>
  <testcase classname="runnerFile.RunnerFile" name="runScenario" time="0.018"/>
  <system-out/>
  <testcase classname="runnerFile.RunnerFile" name="runScenario" time="0.017"/>
  <system-out/>
  <testcase classname="runnerFile.RunnerFile" name="runScenario" time="0.013"/>
  <system-out/>
  <testcase classname="runnerFile.RunnerFile" name="runScenario" time="0.022"/>
  <system-out/>
  <testcase classname="runnerFile.RunnerFile" name="runScenario" time="0.036"/>
  <system-out/>
</testsuite> <!-- runnerFile.RunnerFile -->
