<?xml version="1.0" encoding="UTF-8"?>
<!-- Generated by org.testng.reporters.JUnitReportReporter -->
<testsuite hostname="TMZ-DPC-2239" failures="0" tests="4" name="com.Runner.RunnerAd" time="0.231" errors="0" timestamp="2023-07-26T15:55:07 IST" skipped="0">
  <testcase classname="com.Runner.RunnerAd" name="runScenario" time="0.011"/>
  <system-out/>
  <testcase classname="com.Runner.RunnerAd" name="runScenario" time="0.014"/>
  <system-out/>
  <testcase classname="com.Runner.RunnerAd" name="runScenario" time="0.010"/>
  <system-out/>
  <testcase classname="com.Runner.RunnerAd" name="runScenario" time="0.196"/>
  <system-out/>
</testsuite> <!-- com.Runner.RunnerAd -->
