<?xml version="1.0" encoding="UTF-8"?>
<!-- Generated by org.testng.reporters.JUnitReportReporter -->
<testsuite hostname="ESLLAP-3322" failures="0" tests="7" name="RunnerFile.AccountInformationRunner" time="244.402" errors="0" timestamp="2023-07-26T14:58:33 IST" skipped="0">
  <testcase classname="RunnerFile.AccountInformationRunner" name="runScenario" time="50.962"/>
  <system-out/>
  <testcase classname="RunnerFile.AccountInformationRunner" name="runScenario" time="27.845"/>
  <system-out/>
  <testcase classname="RunnerFile.AccountInformationRunner" name="runScenario" time="41.706"/>
  <system-out/>
  <testcase classname="RunnerFile.AccountInformationRunner" name="runScenario" time="26.000"/>
  <system-out/>
  <testcase classname="RunnerFile.AccountInformationRunner" name="runScenario" time="35.182"/>
  <system-out/>
  <testcase classname="RunnerFile.AccountInformationRunner" name="runScenario" time="21.563"/>
  <system-out/>
  <testcase classname="RunnerFile.AccountInformationRunner" name="runScenario" time="41.144"/>
  <system-out/>
</testsuite> <!-- RunnerFile.AccountInformationRunner -->
