<?xml version="1.0" encoding="UTF-8"?>
<!-- Generated by org.testng.reporters.JUnitReportReporter -->
<testsuite hostname="TMZ-DPC-2289" failures="0" tests="4" name="runnerFile.RunnerFile" time="163.114" errors="0" timestamp="2023-07-25T19:26:22 IST" skipped="0">
  <testcase classname="runnerFile.RunnerFile" name="runScenario" time="40.862"/>
  <testcase classname="runnerFile.RunnerFile" name="runScenario" time="35.643"/>
  <testcase classname="runnerFile.RunnerFile" name="runScenario" time="40.109"/>
  <testcase classname="runnerFile.RunnerFile" name="runScenario" time="46.500"/>
</testsuite> <!-- runnerFile.RunnerFile -->
