<?xml version="1.0" encoding="UTF-8"?>
<!-- Generated by org.testng.reporters.JUnitReportReporter -->
<testsuite hostname="TMZ-DPC-2147" failures="0" tests="6" name="RunnerFile.RunnerPilot" time="0.214" errors="0" timestamp="2023-07-27T10:54:08 IST" skipped="0">
  <testcase classname="RunnerFile.RunnerPilot" name="runScenario" time="0.009"/>
  <system-out/>
  <testcase classname="RunnerFile.RunnerPilot" name="runScenario" time="0.016"/>
  <system-out/>
  <testcase classname="RunnerFile.RunnerPilot" name="runScenario" time="0.137"/>
  <system-out/>
  <testcase classname="RunnerFile.RunnerPilot" name="runScenario" time="0.038"/>
  <system-out/>
  <testcase classname="RunnerFile.RunnerPilot" name="runScenario" time="0.007"/>
  <system-out/>
  <testcase classname="RunnerFile.RunnerPilot" name="runScenario" time="0.007"/>
  <system-out/>
</testsuite> <!-- RunnerFile.RunnerPilot -->
